Performing C SOURCE FILE Test CMAKE_HAVE_LIBC_PTHREAD failed with the following output:
Change Dir: /home/ryder/Documents/HTTP/build/CMakeFiles/CMakeTmp

Run Build Command(s):/usr/bin/make cmTC_63cef/fast && /usr/bin/make  -f CMakeFiles/cmTC_63cef.dir/build.make CMakeFiles/cmTC_63cef.dir/build
make[1]: Entering directory '/home/ryder/Documents/HTTP/build/CMakeFiles/CMakeTmp'
Building C object CMakeFiles/cmTC_63cef.dir/src.c.o
/bin/gcc-8 -DCMAKE_HAVE_LIBC_PTHREAD   -o CMakeFiles/cmTC_63cef.dir/src.c.o -c /home/ryder/Documents/HTTP/build/CMakeFiles/CMakeTmp/src.c
Linking C executable cmTC_63cef
/usr/local/bin/cmake -E cmake_link_script CMakeFiles/cmTC_63cef.dir/link.txt --verbose=1
/bin/gcc-8 -rdynamic CMakeFiles/cmTC_63cef.dir/src.c.o -o cmTC_63cef 
/usr/bin/ld: CMakeFiles/cmTC_63cef.dir/src.c.o: in function `main':
src.c:(.text+0x2f): undefined reference to `pthread_create'
/usr/bin/ld: src.c:(.text+0x3b): undefined reference to `pthread_detach'
/usr/bin/ld: src.c:(.text+0x47): undefined reference to `pthread_cancel'
/usr/bin/ld: src.c:(.text+0x58): undefined reference to `pthread_join'
collect2: error: ld returned 1 exit status
make[1]: *** [CMakeFiles/cmTC_63cef.dir/build.make:106: cmTC_63cef] Error 1
make[1]: Leaving directory '/home/ryder/Documents/HTTP/build/CMakeFiles/CMakeTmp'
make: *** [Makefile:140: cmTC_63cef/fast] Error 2


Source file was:
#include <pthread.h>

static void* test_func(void* data)
{
  return data;
}

int main(void)
{
  pthread_t thread;
  pthread_create(&thread, NULL, test_func, NULL);
  pthread_detach(thread);
  pthread_cancel(thread);
  pthread_join(thread, NULL);
  pthread_atfork(NULL, NULL, NULL);
  pthread_exit(NULL);

  return 0;
}

Determining if the function pthread_create exists in the pthreads failed with the following output:
Change Dir: /home/ryder/Documents/HTTP/build/CMakeFiles/CMakeTmp

Run Build Command(s):/usr/bin/make cmTC_f43b3/fast && /usr/bin/make  -f CMakeFiles/cmTC_f43b3.dir/build.make CMakeFiles/cmTC_f43b3.dir/build
make[1]: Entering directory '/home/ryder/Documents/HTTP/build/CMakeFiles/CMakeTmp'
Building C object CMakeFiles/cmTC_f43b3.dir/CheckFunctionExists.c.o
/bin/gcc-8   -DCHECK_FUNCTION_EXISTS=pthread_create -o CMakeFiles/cmTC_f43b3.dir/CheckFunctionExists.c.o -c /usr/local/share/cmake-3.19/Modules/CheckFunctionExists.c
Linking C executable cmTC_f43b3
/usr/local/bin/cmake -E cmake_link_script CMakeFiles/cmTC_f43b3.dir/link.txt --verbose=1
/bin/gcc-8  -DCHECK_FUNCTION_EXISTS=pthread_create -rdynamic CMakeFiles/cmTC_f43b3.dir/CheckFunctionExists.c.o -o cmTC_f43b3  -lpthreads 
/usr/bin/ld: cannot find -lpthreads
collect2: error: ld returned 1 exit status
make[1]: *** [CMakeFiles/cmTC_f43b3.dir/build.make:106: cmTC_f43b3] Error 1
make[1]: Leaving directory '/home/ryder/Documents/HTTP/build/CMakeFiles/CMakeTmp'
make: *** [Makefile:140: cmTC_f43b3/fast] Error 2



